<?xml version="1.0" encoding="UTF-8"?>
<!-- Generated by org.testng.reporters.JUnitReportReporter -->
<testsuite skipped="0" hostname="ATMECSINLT-033" name="com.atmecs.Konakart.testscripts.SecondScenerio" tests="1" failures="0" timestamp="04 Oct 2019 15:29:33 GMT" time="5.589" errors="0">
  <testcase name="select" time="5.589" classname="com.atmecs.Konakart.testscripts.SecondScenerio"/>
</testsuite> <!-- com.atmecs.Konakart.testscripts.SecondScenerio -->
