<?xml version="1.0" encoding="UTF-8"?>
<!-- Generated by org.testng.reporters.JUnitReportReporter -->
<testsuite skipped="0" hostname="ATMECSINLT-033" name="com.atmecs.Konakart.testscripts.ProductSearchTestScripts" tests="2" failures="0" timestamp="07 Oct 2019 15:24:46 GMT" time="3.732" errors="0">
  <testcase name="productSearchScript" time="2.700" classname="com.atmecs.Konakart.testscripts.ProductSearchTestScripts"/>
  <testcase name="negativesearch" time="1.032" classname="com.atmecs.Konakart.testscripts.ProductSearchTestScripts"/>
</testsuite> <!-- com.atmecs.Konakart.testscripts.ProductSearchTestScripts -->
